-------------------------------------------------------------------------------
Test set: tqs.cloudit.jmeter.performance_test.PerformanceTestApplicationTests
-------------------------------------------------------------------------------
Tests run: 1, Failures: 0, Errors: 1, Skipped: 0, Time elapsed: 0.294 s <<< FAILURE! - in tqs.cloudit.jmeter.performance_test.PerformanceTestApplicationTests
initializationError(tqs.cloudit.jmeter.performance_test.PerformanceTestApplicationTests)  Time elapsed: 0.004 s  <<< ERROR!
java.lang.IllegalStateException: Unable to find a @SpringBootConfiguration, you need to use @ContextConfiguration or @SpringBootTest(classes=...) with your test

